<?xml version="1.0" encoding="UTF-8"?>
<testsuites name="transactionadvance" time="50.478" tests="2" failures="0" errors="0">
   <testsuite name="transactionadvance" tests="2" failures="0" errors="0" time="50.478" skipped="0" timestamp="22-12-2023T17:06:34" hostname="202102359 - KPO-Blicicil.pdc.megafinance.co.id" id="Test Suites/transactionadvance">
      <properties>
         <property name="deviceName" value=""/>
         <property name="devicePlatform" value=""/>
         <property name="logFolder" value="C:\\Users\\202102359\\git\\testsqa_eva\\Reports\\20231222_170627\\transactionadvance\\20231222_170628"/>
         <property name="logFiles" value="C:\\Users\\202102359\\git\\testsqa_eva\\Reports\\20231222_170627\\transactionadvance\\20231222_170628\\execution0.log"/>
         <property name="attachments" value=""/>
         <property name="hostName" value="202102359 - KPO-Blicicil.pdc.megafinance.co.id"/>
         <property name="os" value="Windows 11 64bit"/>
         <property name="katalonVersion" value="9.1.0.212"/>
         <property name="browser" value="Chrome 120.0.0.0"/>
         <property name="hostAddress" value="192.168.16.53"/>
         <property name="sessionId" value="1a61be4de0704b17c871ef46d4a9ec25"/>
         <property name="seleniumVersion" value="3.141.59"/>
         <property name="proxyInformation" value="ProxyInformation { proxyOption=NO_PROXY, proxyServerType=HTTP, username=, password=********, proxyServerAddress=, proxyServerPort=0, executionList=&quot;&quot;, isApplyToDesiredCapabilities=true }"/>
         <property name="platform" value="Windows 11"/>
      </properties>
      <testcase name="Test Cases/advancefiltersuccess" time="30.211" classname="Test Cases/advancefiltersuccess" status="PASSED">
         <system-out><![CDATA[22-12-2023T17:06:34 - [TEST_CASE][PASSED] - Test Cases/advancefiltersuccess: Test Cases/advancefiltersuccess

22-12-2023T17:06:35 - [TEST_STEP][PASSED] - openBrowser(""): Browser is opened with url: ''

22-12-2023T17:06:35 - [MESSAGE][INFO] - Starting 'Chrome' driver

22-12-2023T17:06:35 - [MESSAGE][INFO] - Action delay is set to 0 milliseconds

22-12-2023T17:06:36 - [MESSAGE][PASSED] - Browser is opened with url: ''

22-12-2023T17:06:36 - [TEST_STEP][PASSED] - maximizeWindow(): Current window maximized

22-12-2023T17:06:37 - [MESSAGE][PASSED] - Current window maximized

22-12-2023T17:06:37 - [TEST_STEP][PASSED] - navigateToUrl(url): Navigate to 'https://ndsrndserver.southeastasia.cloudapp.azure.com/NFQA_Test/Login.aspx?ReturnUrl=%2fNFQA_Test%2fDefault.aspx' successfully

22-12-2023T17:06:37 - [MESSAGE][PASSED] - Navigate to 'https://ndsrndserver.southeastasia.cloudapp.azure.com/NFQA_Test/Login.aspx?ReturnUrl=%2fNFQA_Test%2fDefault.aspx' successfully

22-12-2023T17:06:37 - [TEST_STEP][PASSED] - setText(findTestObject("Object Repository/advancedfiltersuccess/input_txtUsername"), username): Text 'EngineerTest1' is set on object 'Object Repository/advancedfiltersuccess/input_txtUsername'

22-12-2023T17:06:39 - [MESSAGE][PASSED] - Text 'EngineerTest1' is set on object 'Object Repository/advancedfiltersuccess/input_txtUsername'

22-12-2023T17:06:39 - [TEST_STEP][PASSED] - setEncryptedText(findTestObject("Object Repository/advancedfiltersuccess/input_txtPassword"), password): Text ****** has been set on object 'Object Repository/advancedfiltersuccess/input_txtPassword'

22-12-2023T17:06:39 - [MESSAGE][PASSED] - Text ****** has been set on object 'Object Repository/advancedfiltersuccess/input_txtPassword'

22-12-2023T17:06:39 - [TEST_STEP][PASSED] - click(findTestObject("Object Repository/advancedfiltersuccess/a_Login")): Object: 'Object Repository/advancedfiltersuccess/a_Login' is clicked on

22-12-2023T17:06:40 - [MESSAGE][PASSED] - Object: 'Object Repository/advancedfiltersuccess/a_Login' is clicked on

22-12-2023T17:06:40 - [TEST_STEP][PASSED] - doubleClick(findTestObject("Object Repository/advancedfiltersuccess/span_Engineer Test")): Object: 'Object Repository/advancedfiltersuccess/span_Engineer Test' is double clicked on

22-12-2023T17:06:42 - [MESSAGE][PASSED] - Object: 'Object Repository/advancedfiltersuccess/span_Engineer Test' is double clicked on

22-12-2023T17:06:42 - [TEST_STEP][PASSED] - doubleClick(findTestObject("Object Repository/advancedfiltersuccess/span_Transaction")): Object: 'Object Repository/advancedfiltersuccess/span_Transaction' is double clicked on

22-12-2023T17:06:43 - [MESSAGE][PASSED] - Object: 'Object Repository/advancedfiltersuccess/span_Transaction' is double clicked on

22-12-2023T17:06:43 - [TEST_STEP][PASSED] - doubleClick(findTestObject("Object Repository/advancedfiltersuccess/span_View")): Object: 'Object Repository/advancedfiltersuccess/span_View' is double clicked on

22-12-2023T17:06:43 - [MESSAGE][PASSED] - Object: 'Object Repository/advancedfiltersuccess/span_View' is double clicked on

22-12-2023T17:06:43 - [TEST_STEP][PASSED] - delay(2): Delayed 2 second(s)

22-12-2023T17:06:45 - [MESSAGE][PASSED] - Delayed 2 second(s)

22-12-2023T17:06:45 - [TEST_STEP][PASSED] - click(findTestObject("Object Repository/advancedfiltersuccess/span_Advanced Filter")): Object: 'Object Repository/advancedfiltersuccess/span_Advanced Filter' is clicked on

22-12-2023T17:06:46 - [MESSAGE][PASSED] - Object: 'Object Repository/advancedfiltersuccess/span_Advanced Filter' is clicked on

22-12-2023T17:06:46 - [TEST_STEP][PASSED] - click(findTestObject("Object Repository/advancedfiltersuccess/divContentPlaceHolder1_AdvancedFilter1_cboF_b58eab")): Object: 'Object Repository/advancedfiltersuccess/divContentPlaceHolder1_AdvancedFilter1_cboF_b58eab' is clicked on

22-12-2023T17:06:47 - [MESSAGE][PASSED] - Object: 'Object Repository/advancedfiltersuccess/divContentPlaceHolder1_AdvancedFilter1_cboF_b58eab' is clicked on

22-12-2023T17:06:47 - [TEST_STEP][PASSED] - click(findTestObject("Object Repository/advancedfiltersuccess/li_Employee Name")): Object: 'Object Repository/advancedfiltersuccess/li_Employee Name' is clicked on

22-12-2023T17:06:47 - [MESSAGE][PASSED] - Object: 'Object Repository/advancedfiltersuccess/li_Employee Name' is clicked on

22-12-2023T17:06:47 - [TEST_STEP][PASSED] - click(findTestObject("Object Repository/advancedfiltersuccess/divContentPlaceHolder1_AdvancedFilter1_cboF_ea7e77")): Object: 'Object Repository/advancedfiltersuccess/divContentPlaceHolder1_AdvancedFilter1_cboF_ea7e77' is clicked on

22-12-2023T17:06:47 - [MESSAGE][PASSED] - Object: 'Object Repository/advancedfiltersuccess/divContentPlaceHolder1_AdvancedFilter1_cboF_ea7e77' is clicked on

22-12-2023T17:06:47 - [TEST_STEP][PASSED] - click(findTestObject("Object Repository/advancedfiltersuccess/li_Equal")): Object: 'Object Repository/advancedfiltersuccess/li_Equal' is clicked on

22-12-2023T17:06:48 - [MESSAGE][PASSED] - Object: 'Object Repository/advancedfiltersuccess/li_Equal' is clicked on

22-12-2023T17:06:48 - [TEST_STEP][PASSED] - setText(findTestObject("Object Repository/advancedfiltersuccess/input_ContentPlaceHolder1_AdvancedFilter1_t_8fd482"), "EngineerTest1"): Text 'EngineerTest1' is set on object 'Object Repository/advancedfiltersuccess/input_ContentPlaceHolder1_AdvancedFilter1_t_8fd482'

22-12-2023T17:06:48 - [MESSAGE][PASSED] - Text 'EngineerTest1' is set on object 'Object Repository/advancedfiltersuccess/input_ContentPlaceHolder1_AdvancedFilter1_t_8fd482'

22-12-2023T17:06:48 - [TEST_STEP][PASSED] - click(findTestObject("Object Repository/advancedfiltersuccess/span_Add")): Object: 'Object Repository/advancedfiltersuccess/span_Add' is clicked on

22-12-2023T17:06:49 - [MESSAGE][PASSED] - Object: 'Object Repository/advancedfiltersuccess/span_Add' is clicked on

22-12-2023T17:06:49 - [TEST_STEP][PASSED] - delay(2): Delayed 2 second(s)

22-12-2023T17:06:51 - [MESSAGE][PASSED] - Delayed 2 second(s)

22-12-2023T17:06:51 - [TEST_STEP][PASSED] - click(findTestObject("Object Repository/advancedfiltersuccess/span_Filter")): Object: 'Object Repository/advancedfiltersuccess/span_Filter' is clicked on

22-12-2023T17:06:51 - [MESSAGE][PASSED] - Object: 'Object Repository/advancedfiltersuccess/span_Filter' is clicked on

22-12-2023T17:06:51 - [TEST_STEP][PASSED] - delay(4): Delayed 4 second(s)

22-12-2023T17:06:55 - [MESSAGE][PASSED] - Delayed 4 second(s)

22-12-2023T17:06:55 - [TEST_STEP][PASSED] - click(findTestObject("Object Repository/advancedfiltersuccess/span_Advanced Filter")): Object: 'Object Repository/advancedfiltersuccess/span_Advanced Filter' is clicked on

22-12-2023T17:06:56 - [MESSAGE][PASSED] - Object: 'Object Repository/advancedfiltersuccess/span_Advanced Filter' is clicked on

22-12-2023T17:06:56 - [TEST_STEP][PASSED] - click(findTestObject("Object Repository/advancedfiltersuccess/span_Delete")): Object: 'Object Repository/advancedfiltersuccess/span_Delete' is clicked on

22-12-2023T17:06:56 - [MESSAGE][PASSED] - Object: 'Object Repository/advancedfiltersuccess/span_Delete' is clicked on

22-12-2023T17:06:56 - [TEST_STEP][PASSED] - click(findTestObject("Object Repository/advancedfiltersuccess/divContentPlaceHolder1_AdvancedFilter1_cboF_b58eab")): Object: 'Object Repository/advancedfiltersuccess/divContentPlaceHolder1_AdvancedFilter1_cboF_b58eab' is clicked on

22-12-2023T17:06:57 - [MESSAGE][PASSED] - Object: 'Object Repository/advancedfiltersuccess/divContentPlaceHolder1_AdvancedFilter1_cboF_b58eab' is clicked on

22-12-2023T17:06:57 - [TEST_STEP][PASSED] - click(findTestObject("Object Repository/advancedfiltersuccess/li_District")): Object: 'Object Repository/advancedfiltersuccess/li_District' is clicked on

22-12-2023T17:06:57 - [MESSAGE][PASSED] - Object: 'Object Repository/advancedfiltersuccess/li_District' is clicked on

22-12-2023T17:06:57 - [TEST_STEP][PASSED] - click(findTestObject("Object Repository/advancedfiltersuccess/divContentPlaceHolder1_AdvancedFilter1_cboF_ea7e77")): Object: 'Object Repository/advancedfiltersuccess/divContentPlaceHolder1_AdvancedFilter1_cboF_ea7e77' is clicked on

22-12-2023T17:06:58 - [MESSAGE][PASSED] - Object: 'Object Repository/advancedfiltersuccess/divContentPlaceHolder1_AdvancedFilter1_cboF_ea7e77' is clicked on

22-12-2023T17:06:58 - [TEST_STEP][PASSED] - click(findTestObject("Object Repository/advancedfiltersuccess/li_Equal_1")): Object: 'Object Repository/advancedfiltersuccess/li_Equal_1' is clicked on

22-12-2023T17:06:58 - [MESSAGE][PASSED] - Object: 'Object Repository/advancedfiltersuccess/li_Equal_1' is clicked on

22-12-2023T17:06:58 - [TEST_STEP][PASSED] - setText(findTestObject("Object Repository/advancedfiltersuccess/input_ContentPlaceHolder1_AdvancedFilter1_t_8fd482"), "D005 - Jakarta Barat"): Text 'D005 - Jakarta Barat' is set on object 'Object Repository/advancedfiltersuccess/input_ContentPlaceHolder1_AdvancedFilter1_t_8fd482'

22-12-2023T17:06:59 - [MESSAGE][PASSED] - Text 'D005 - Jakarta Barat' is set on object 'Object Repository/advancedfiltersuccess/input_ContentPlaceHolder1_AdvancedFilter1_t_8fd482'

22-12-2023T17:06:59 - [TEST_STEP][PASSED] - click(findTestObject("Object Repository/advancedfiltersuccess/span_Add")): Object: 'Object Repository/advancedfiltersuccess/span_Add' is clicked on

22-12-2023T17:06:59 - [MESSAGE][PASSED] - Object: 'Object Repository/advancedfiltersuccess/span_Add' is clicked on

22-12-2023T17:06:59 - [TEST_STEP][PASSED] - click(findTestObject("Object Repository/advancedfiltersuccess/span_Filter")): Object: 'Object Repository/advancedfiltersuccess/span_Filter' is clicked on

22-12-2023T17:06:59 - [MESSAGE][PASSED] - Object: 'Object Repository/advancedfiltersuccess/span_Filter' is clicked on

22-12-2023T17:06:59 - [TEST_STEP][PASSED] - delay(5): Delayed 5 second(s)

22-12-2023T17:07:04 - [MESSAGE][PASSED] - Delayed 5 second(s)

22-12-2023T17:07:04 - [TEST_STEP][PASSED] - closeBrowser(): Browser is closed

22-12-2023T17:07:05 - [MESSAGE][PASSED] - Browser is closed]]></system-out>
         <system-err><![CDATA[]]></system-err>
      </testcase>
      <testcase name="Test Cases/advancefilterfailed" time="20.126" classname="Test Cases/advancefilterfailed" status="PASSED">
         <system-out><![CDATA[22-12-2023T17:07:05 - [TEST_CASE][PASSED] - Test Cases/advancefilterfailed: Test Cases/advancefilterfailed

22-12-2023T17:07:05 - [TEST_STEP][PASSED] - openBrowser(""): Browser is opened with url: ''

22-12-2023T17:07:05 - [MESSAGE][INFO] - Starting 'Chrome' driver

22-12-2023T17:07:05 - [MESSAGE][INFO] - Action delay is set to 0 milliseconds

22-12-2023T17:07:06 - [MESSAGE][PASSED] - Browser is opened with url: ''

22-12-2023T17:07:06 - [TEST_STEP][PASSED] - maximizeWindow(): Current window maximized

22-12-2023T17:07:06 - [MESSAGE][PASSED] - Current window maximized

22-12-2023T17:07:06 - [TEST_STEP][PASSED] - navigateToUrl(url): Navigate to 'https://ndsrndserver.southeastasia.cloudapp.azure.com/NFQA_Test/Login.aspx?ReturnUrl=%2fNFQA_Test%2fDefault.aspx' successfully

22-12-2023T17:07:06 - [MESSAGE][PASSED] - Navigate to 'https://ndsrndserver.southeastasia.cloudapp.azure.com/NFQA_Test/Login.aspx?ReturnUrl=%2fNFQA_Test%2fDefault.aspx' successfully

22-12-2023T17:07:06 - [TEST_STEP][PASSED] - setText(findTestObject("Object Repository/advancedfilterfailed/input_txtUsername"), username): Text 'EngineerTest1' is set on object 'Object Repository/advancedfilterfailed/input_txtUsername'

22-12-2023T17:07:07 - [MESSAGE][PASSED] - Text 'EngineerTest1' is set on object 'Object Repository/advancedfilterfailed/input_txtUsername'

22-12-2023T17:07:07 - [TEST_STEP][PASSED] - setEncryptedText(findTestObject("Object Repository/advancedfilterfailed/input_txtPassword"), password): Text ****** has been set on object 'Object Repository/advancedfilterfailed/input_txtPassword'

22-12-2023T17:07:08 - [MESSAGE][PASSED] - Text ****** has been set on object 'Object Repository/advancedfilterfailed/input_txtPassword'

22-12-2023T17:07:08 - [TEST_STEP][PASSED] - click(findTestObject("Object Repository/advancedfilterfailed/span_Login")): Object: 'Object Repository/advancedfilterfailed/span_Login' is clicked on

22-12-2023T17:07:08 - [MESSAGE][PASSED] - Object: 'Object Repository/advancedfilterfailed/span_Login' is clicked on

22-12-2023T17:07:08 - [TEST_STEP][PASSED] - doubleClick(findTestObject("Object Repository/advancedfilterfailed/span_Engineer Test")): Object: 'Object Repository/advancedfilterfailed/span_Engineer Test' is double clicked on

22-12-2023T17:07:10 - [MESSAGE][PASSED] - Object: 'Object Repository/advancedfilterfailed/span_Engineer Test' is double clicked on

22-12-2023T17:07:10 - [TEST_STEP][PASSED] - doubleClick(findTestObject("Object Repository/advancedfilterfailed/span_Transaction")): Object: 'Object Repository/advancedfilterfailed/span_Transaction' is double clicked on

22-12-2023T17:07:11 - [MESSAGE][PASSED] - Object: 'Object Repository/advancedfilterfailed/span_Transaction' is double clicked on

22-12-2023T17:07:11 - [TEST_STEP][PASSED] - doubleClick(findTestObject("Object Repository/advancedfilterfailed/span_View")): Object: 'Object Repository/advancedfilterfailed/span_View' is double clicked on

22-12-2023T17:07:12 - [MESSAGE][PASSED] - Object: 'Object Repository/advancedfilterfailed/span_View' is double clicked on

22-12-2023T17:07:12 - [TEST_STEP][PASSED] - delay(2): Delayed 2 second(s)

22-12-2023T17:07:14 - [MESSAGE][PASSED] - Delayed 2 second(s)

22-12-2023T17:07:14 - [TEST_STEP][PASSED] - click(findTestObject("Object Repository/advancedfilterfailed/span_Advanced Filter")): Object: 'Object Repository/advancedfilterfailed/span_Advanced Filter' is clicked on

22-12-2023T17:07:14 - [MESSAGE][PASSED] - Object: 'Object Repository/advancedfilterfailed/span_Advanced Filter' is clicked on

22-12-2023T17:07:14 - [TEST_STEP][PASSED] - click(findTestObject("Object Repository/advancedfilterfailed/divContentPlaceHolder1_AdvancedFilter1_cboF_b58eab")): Object: 'Object Repository/advancedfilterfailed/divContentPlaceHolder1_AdvancedFilter1_cboF_b58eab' is clicked on

22-12-2023T17:07:15 - [MESSAGE][PASSED] - Object: 'Object Repository/advancedfilterfailed/divContentPlaceHolder1_AdvancedFilter1_cboF_b58eab' is clicked on

22-12-2023T17:07:15 - [TEST_STEP][PASSED] - click(findTestObject("Object Repository/advancedfilterfailed/li_Employee ID")): Object: 'Object Repository/advancedfilterfailed/li_Employee ID' is clicked on

22-12-2023T17:07:15 - [MESSAGE][PASSED] - Object: 'Object Repository/advancedfilterfailed/li_Employee ID' is clicked on

22-12-2023T17:07:15 - [TEST_STEP][PASSED] - click(findTestObject("Object Repository/advancedfilterfailed/divContentPlaceHolder1_AdvancedFilter1_cboF_ea7e77")): Object: 'Object Repository/advancedfilterfailed/divContentPlaceHolder1_AdvancedFilter1_cboF_ea7e77' is clicked on

22-12-2023T17:07:16 - [MESSAGE][PASSED] - Object: 'Object Repository/advancedfilterfailed/divContentPlaceHolder1_AdvancedFilter1_cboF_ea7e77' is clicked on

22-12-2023T17:07:16 - [TEST_STEP][PASSED] - click(findTestObject("Object Repository/advancedfilterfailed/li_Equal")): Object: 'Object Repository/advancedfilterfailed/li_Equal' is clicked on

22-12-2023T17:07:16 - [MESSAGE][PASSED] - Object: 'Object Repository/advancedfilterfailed/li_Equal' is clicked on

22-12-2023T17:07:16 - [TEST_STEP][PASSED] - setText(findTestObject("Object Repository/advancedfilterfailed/input_ContentPlaceHolder1_AdvancedFilter1_t_8fd482"), "abcde"): Text 'abcde' is set on object 'Object Repository/advancedfilterfailed/input_ContentPlaceHolder1_AdvancedFilter1_t_8fd482'

22-12-2023T17:07:17 - [MESSAGE][PASSED] - Text 'abcde' is set on object 'Object Repository/advancedfilterfailed/input_ContentPlaceHolder1_AdvancedFilter1_t_8fd482'

22-12-2023T17:07:17 - [TEST_STEP][PASSED] - click(findTestObject("Object Repository/advancedfilterfailed/span_Add")): Object: 'Object Repository/advancedfilterfailed/span_Add' is clicked on

22-12-2023T17:07:17 - [MESSAGE][PASSED] - Object: 'Object Repository/advancedfilterfailed/span_Add' is clicked on

22-12-2023T17:07:17 - [TEST_STEP][PASSED] - delay(2): Delayed 2 second(s)

22-12-2023T17:07:19 - [MESSAGE][PASSED] - Delayed 2 second(s)

22-12-2023T17:07:19 - [TEST_STEP][PASSED] - click(findTestObject("Object Repository/advancedfilterfailed/span_Filter")): Object: 'Object Repository/advancedfilterfailed/span_Filter' is clicked on

22-12-2023T17:07:20 - [MESSAGE][PASSED] - Object: 'Object Repository/advancedfilterfailed/span_Filter' is clicked on

22-12-2023T17:07:20 - [TEST_STEP][PASSED] - delay(5): Delayed 5 second(s)

22-12-2023T17:07:25 - [MESSAGE][PASSED] - Delayed 5 second(s)

22-12-2023T17:07:25 - [TEST_STEP][PASSED] - closeBrowser(): Browser is closed

22-12-2023T17:07:25 - [MESSAGE][PASSED] - Browser is closed]]></system-out>
         <system-err><![CDATA[]]></system-err>
      </testcase>
      <system-out><![CDATA[22-12-2023T17:06:34 - [TEST_SUITE][PASSED] - transactionadvance: Test Cases/advancefilterfailed]]></system-out>
      <system-err><![CDATA[]]></system-err>
   </testsuite>
</testsuites>
