<?xml version="1.0" encoding="UTF-8"?>
<testsuites name="transactiondownload" time="42.208" tests="2" failures="0" errors="0">
   <testsuite name="transactiondownload" tests="2" failures="0" errors="0" time="42.208" skipped="0" timestamp="27-12-2023T07:49:12" hostname="202102359 - 192.168.1.15" id="Test Suites/transactiondownload">
      <properties>
         <property name="deviceName" value=""/>
         <property name="devicePlatform" value=""/>
         <property name="logFolder" value="C:\\Users\\202102359\\git\\testsqa_eva\\Reports\\20231227_074906\\transactiondownload\\20231227_074906"/>
         <property name="logFiles" value="C:\\Users\\202102359\\git\\testsqa_eva\\Reports\\20231227_074906\\transactiondownload\\20231227_074906\\execution0.log"/>
         <property name="attachments" value=""/>
         <property name="hostName" value="202102359 - 192.168.1.15"/>
         <property name="os" value="Windows 11 64bit"/>
         <property name="katalonVersion" value="9.1.0.212"/>
         <property name="browser" value="Chrome 120.0.0.0"/>
         <property name="hostAddress" value="192.168.1.15"/>
         <property name="sessionId" value="53fd93f645ee639d9b3ad4c352bba275"/>
         <property name="seleniumVersion" value="3.141.59"/>
         <property name="proxyInformation" value="ProxyInformation { proxyOption=NO_PROXY, proxyServerType=HTTP, username=, password=********, proxyServerAddress=, proxyServerPort=0, executionList=&quot;&quot;, isApplyToDesiredCapabilities=true }"/>
         <property name="platform" value="Windows 11"/>
      </properties>
      <testcase name="Test Cases/viewtransaction" time="16.188" classname="Test Cases/viewtransaction" status="PASSED">
         <system-out><![CDATA[27-12-2023T07:49:13 - [TEST_CASE][PASSED] - Test Cases/viewtransaction: Test Cases/viewtransaction

27-12-2023T07:49:13 - [TEST_STEP][PASSED] - openBrowser(""): Browser is opened with url: ''

27-12-2023T07:49:13 - [MESSAGE][INFO] - Starting 'Chrome' driver

27-12-2023T07:49:13 - [MESSAGE][INFO] - Action delay is set to 0 milliseconds

27-12-2023T07:49:14 - [MESSAGE][PASSED] - Browser is opened with url: ''

27-12-2023T07:49:14 - [TEST_STEP][PASSED] - maximizeWindow(): Current window maximized

27-12-2023T07:49:15 - [MESSAGE][PASSED] - Current window maximized

27-12-2023T07:49:15 - [TEST_STEP][PASSED] - navigateToUrl(url): Navigate to 'https://ndsrndserver.southeastasia.cloudapp.azure.com/NFQA_Test/Login.aspx?ReturnUrl=%2fNFQA_Test%2fDefault.aspx' successfully

27-12-2023T07:49:16 - [MESSAGE][PASSED] - Navigate to 'https://ndsrndserver.southeastasia.cloudapp.azure.com/NFQA_Test/Login.aspx?ReturnUrl=%2fNFQA_Test%2fDefault.aspx' successfully

27-12-2023T07:49:16 - [TEST_STEP][PASSED] - setText(findTestObject("Object Repository/viewtransaction/input_txtUsername"), username): Text 'EngineerTest1' is set on object 'Object Repository/viewtransaction/input_txtUsername'

27-12-2023T07:49:16 - [MESSAGE][PASSED] - Text 'EngineerTest1' is set on object 'Object Repository/viewtransaction/input_txtUsername'

27-12-2023T07:49:16 - [TEST_STEP][PASSED] - setEncryptedText(findTestObject("Object Repository/viewtransaction/input_txtPassword"), password): Text ****** has been set on object 'Object Repository/viewtransaction/input_txtPassword'

27-12-2023T07:49:17 - [MESSAGE][PASSED] - Text ****** has been set on object 'Object Repository/viewtransaction/input_txtPassword'

27-12-2023T07:49:17 - [TEST_STEP][PASSED] - click(findTestObject("Object Repository/viewtransaction/span_Login")): Object: 'Object Repository/viewtransaction/span_Login' is clicked on

27-12-2023T07:49:17 - [MESSAGE][PASSED] - Object: 'Object Repository/viewtransaction/span_Login' is clicked on

27-12-2023T07:49:17 - [TEST_STEP][PASSED] - doubleClick(findTestObject("Object Repository/viewtransaction/span_Engineer Test")): Object: 'Object Repository/viewtransaction/span_Engineer Test' is double clicked on

27-12-2023T07:49:19 - [MESSAGE][PASSED] - Object: 'Object Repository/viewtransaction/span_Engineer Test' is double clicked on

27-12-2023T07:49:19 - [TEST_STEP][PASSED] - doubleClick(findTestObject("Object Repository/viewtransaction/span_Transaction")): Object: 'Object Repository/viewtransaction/span_Transaction' is double clicked on

27-12-2023T07:49:20 - [MESSAGE][PASSED] - Object: 'Object Repository/viewtransaction/span_Transaction' is double clicked on

27-12-2023T07:49:20 - [TEST_STEP][PASSED] - doubleClick(findTestObject("Object Repository/viewtransaction/span_View")): Object: 'Object Repository/viewtransaction/span_View' is double clicked on

27-12-2023T07:49:21 - [MESSAGE][PASSED] - Object: 'Object Repository/viewtransaction/span_View' is double clicked on

27-12-2023T07:49:21 - [TEST_STEP][PASSED] - delay(8): Delayed 8 second(s)

27-12-2023T07:49:29 - [MESSAGE][PASSED] - Delayed 8 second(s)

27-12-2023T07:49:29 - [TEST_STEP][PASSED] - closeBrowser(): Browser is closed

27-12-2023T07:49:29 - [MESSAGE][PASSED] - Browser is closed]]></system-out>
         <system-err><![CDATA[]]></system-err>
      </testcase>
      <testcase name="Test Cases/downloadtransaction" time="25.857" classname="Test Cases/downloadtransaction" status="PASSED">
         <system-out><![CDATA[27-12-2023T07:49:29 - [TEST_CASE][PASSED] - Test Cases/downloadtransaction: Test Cases/downloadtransaction

27-12-2023T07:49:29 - [TEST_STEP][PASSED] - openBrowser(""): Browser is opened with url: ''

27-12-2023T07:49:29 - [MESSAGE][INFO] - Starting 'Chrome' driver

27-12-2023T07:49:29 - [MESSAGE][INFO] - Action delay is set to 0 milliseconds

27-12-2023T07:49:30 - [MESSAGE][PASSED] - Browser is opened with url: ''

27-12-2023T07:49:30 - [TEST_STEP][PASSED] - maximizeWindow(): Current window maximized

27-12-2023T07:49:30 - [MESSAGE][PASSED] - Current window maximized

27-12-2023T07:49:30 - [TEST_STEP][PASSED] - navigateToUrl("https://ndsrndserver.southeastasia.cloudapp.azure.com/NFQA_Test/Login.aspx?ReturnUrl=%2fNFQA_Test%2fDefault.aspx"): Navigate to 'https://ndsrndserver.southeastasia.cloudapp.azure.com/NFQA_Test/Login.aspx?ReturnUrl=%2fNFQA_Test%2fDefault.aspx' successfully

27-12-2023T07:49:31 - [MESSAGE][PASSED] - Navigate to 'https://ndsrndserver.southeastasia.cloudapp.azure.com/NFQA_Test/Login.aspx?ReturnUrl=%2fNFQA_Test%2fDefault.aspx' successfully

27-12-2023T07:49:31 - [TEST_STEP][PASSED] - setText(findTestObject("Object Repository/downloadtransaction/input_txtUsername"), "EngineerTest1"): Text 'EngineerTest1' is set on object 'Object Repository/downloadtransaction/input_txtUsername'

27-12-2023T07:49:32 - [MESSAGE][PASSED] - Text 'EngineerTest1' is set on object 'Object Repository/downloadtransaction/input_txtUsername'

27-12-2023T07:49:32 - [TEST_STEP][PASSED] - setEncryptedText(findTestObject("Object Repository/downloadtransaction/input_txtPassword"), "W/OUHaE1QwcnZTXGuncx4g=="): Text ****** has been set on object 'Object Repository/downloadtransaction/input_txtPassword'

27-12-2023T07:49:32 - [MESSAGE][PASSED] - Text ****** has been set on object 'Object Repository/downloadtransaction/input_txtPassword'

27-12-2023T07:49:32 - [TEST_STEP][PASSED] - click(findTestObject("Object Repository/downloadtransaction/span_Login")): Object: 'Object Repository/downloadtransaction/span_Login' is clicked on

27-12-2023T07:49:33 - [MESSAGE][PASSED] - Object: 'Object Repository/downloadtransaction/span_Login' is clicked on

27-12-2023T07:49:33 - [TEST_STEP][PASSED] - doubleClick(findTestObject("Object Repository/downloadtransaction/span_Engineer Test")): Object: 'Object Repository/downloadtransaction/span_Engineer Test' is double clicked on

27-12-2023T07:49:35 - [MESSAGE][PASSED] - Object: 'Object Repository/downloadtransaction/span_Engineer Test' is double clicked on

27-12-2023T07:49:35 - [TEST_STEP][PASSED] - doubleClick(findTestObject("Object Repository/downloadtransaction/span_Transaction")): Object: 'Object Repository/downloadtransaction/span_Transaction' is double clicked on

27-12-2023T07:49:35 - [MESSAGE][PASSED] - Object: 'Object Repository/downloadtransaction/span_Transaction' is double clicked on

27-12-2023T07:49:35 - [TEST_STEP][PASSED] - doubleClick(findTestObject("Object Repository/downloadtransaction/span_View")): Object: 'Object Repository/downloadtransaction/span_View' is double clicked on

27-12-2023T07:49:36 - [MESSAGE][PASSED] - Object: 'Object Repository/downloadtransaction/span_View' is double clicked on

27-12-2023T07:49:36 - [TEST_STEP][PASSED] - delay(3): Delayed 3 second(s)

27-12-2023T07:49:39 - [MESSAGE][PASSED] - Delayed 3 second(s)

27-12-2023T07:49:39 - [TEST_STEP][PASSED] - click(findTestObject("Object Repository/downloadtransaction/span_Export Current Page")): Object: 'Object Repository/downloadtransaction/span_Export Current Page' is clicked on

27-12-2023T07:49:39 - [MESSAGE][PASSED] - Object: 'Object Repository/downloadtransaction/span_Export Current Page' is clicked on

27-12-2023T07:49:39 - [TEST_STEP][PASSED] - delay(2): Delayed 2 second(s)

27-12-2023T07:49:41 - [MESSAGE][PASSED] - Delayed 2 second(s)

27-12-2023T07:49:41 - [TEST_STEP][PASSED] - click(findTestObject("Object Repository/downloadtransaction/span_Export All Page")): Object: 'Object Repository/downloadtransaction/span_Export All Page' is clicked on

27-12-2023T07:49:42 - [MESSAGE][PASSED] - Object: 'Object Repository/downloadtransaction/span_Export All Page' is clicked on

27-12-2023T07:49:42 - [TEST_STEP][PASSED] - delay(2): Delayed 2 second(s)

27-12-2023T07:49:44 - [MESSAGE][PASSED] - Delayed 2 second(s)

27-12-2023T07:49:44 - [TEST_STEP][PASSED] - click(findTestObject("Object Repository/downloadtransaction/divContentPlaceHolder1_cboExportExcel-trigg_294ccd")): Object: 'Object Repository/downloadtransaction/divContentPlaceHolder1_cboExportExcel-trigg_294ccd' is clicked on

27-12-2023T07:49:44 - [MESSAGE][PASSED] - Object: 'Object Repository/downloadtransaction/divContentPlaceHolder1_cboExportExcel-trigg_294ccd' is clicked on

27-12-2023T07:49:44 - [TEST_STEP][PASSED] - click(findTestObject("Object Repository/downloadtransaction/li_CSV")): Object: 'Object Repository/downloadtransaction/li_CSV' is clicked on

27-12-2023T07:49:45 - [MESSAGE][PASSED] - Object: 'Object Repository/downloadtransaction/li_CSV' is clicked on

27-12-2023T07:49:45 - [TEST_STEP][PASSED] - delay(2): Delayed 2 second(s)

27-12-2023T07:49:47 - [MESSAGE][PASSED] - Delayed 2 second(s)

27-12-2023T07:49:47 - [TEST_STEP][PASSED] - click(findTestObject("Object Repository/downloadtransaction/span_Export Current Page")): Object: 'Object Repository/downloadtransaction/span_Export Current Page' is clicked on

27-12-2023T07:49:47 - [MESSAGE][PASSED] - Object: 'Object Repository/downloadtransaction/span_Export Current Page' is clicked on

27-12-2023T07:49:47 - [TEST_STEP][PASSED] - delay(2): Delayed 2 second(s)

27-12-2023T07:49:49 - [MESSAGE][PASSED] - Delayed 2 second(s)

27-12-2023T07:49:49 - [TEST_STEP][PASSED] - click(findTestObject("Object Repository/downloadtransaction/span_Export All Page")): Object: 'Object Repository/downloadtransaction/span_Export All Page' is clicked on

27-12-2023T07:49:49 - [MESSAGE][PASSED] - Object: 'Object Repository/downloadtransaction/span_Export All Page' is clicked on

27-12-2023T07:49:49 - [TEST_STEP][PASSED] - delay(5): Delayed 5 second(s)

27-12-2023T07:49:54 - [MESSAGE][PASSED] - Delayed 5 second(s)

27-12-2023T07:49:54 - [TEST_STEP][PASSED] - closeBrowser(): Browser is closed

27-12-2023T07:49:55 - [MESSAGE][PASSED] - Browser is closed]]></system-out>
         <system-err><![CDATA[]]></system-err>
      </testcase>
      <system-out><![CDATA[27-12-2023T07:49:12 - [TEST_SUITE][PASSED] - transactiondownload: Test Cases/downloadtransaction]]></system-out>
      <system-err><![CDATA[]]></system-err>
   </testsuite>
</testsuites>
