<?xml version="1.0" encoding="UTF-8"?>
<testsuites name="transactionadvance" time="61.604" tests="2" failures="0" errors="0">
   <testsuite name="transactionadvance" tests="2" failures="0" errors="0" time="61.604" skipped="0" timestamp="27-12-2023T07:45:58" hostname="202102359 - 192.168.1.15" id="Test Suites/transactionadvance">
      <properties>
         <property name="deviceName" value=""/>
         <property name="devicePlatform" value=""/>
         <property name="logFolder" value="C:\\Users\\202102359\\git\\testsqa_eva\\Reports\\20231227_074549\\transactionadvance\\20231227_074549"/>
         <property name="logFiles" value="C:\\Users\\202102359\\git\\testsqa_eva\\Reports\\20231227_074549\\transactionadvance\\20231227_074549\\execution0.log"/>
         <property name="attachments" value=""/>
         <property name="hostName" value="202102359 - 192.168.1.15"/>
         <property name="os" value="Windows 11 64bit"/>
         <property name="katalonVersion" value="9.1.0.212"/>
         <property name="browser" value="Chrome 120.0.0.0"/>
         <property name="hostAddress" value="192.168.1.15"/>
         <property name="sessionId" value="aebb51110c24ceeaab7dc133a1265f71"/>
         <property name="seleniumVersion" value="3.141.59"/>
         <property name="proxyInformation" value="ProxyInformation { proxyOption=NO_PROXY, proxyServerType=HTTP, username=, password=********, proxyServerAddress=, proxyServerPort=0, executionList=&quot;&quot;, isApplyToDesiredCapabilities=true }"/>
         <property name="platform" value="Windows 11"/>
      </properties>
      <testcase name="Test Cases/advancefiltersuccess" time="40.318" classname="Test Cases/advancefiltersuccess" status="PASSED">
         <system-out><![CDATA[27-12-2023T07:45:58 - [TEST_CASE][PASSED] - Test Cases/advancefiltersuccess: Test Cases/advancefiltersuccess

27-12-2023T07:45:58 - [TEST_STEP][PASSED] - openBrowser(""): Browser is opened with url: ''

27-12-2023T07:45:59 - [MESSAGE][INFO] - Starting 'Chrome' driver

27-12-2023T07:45:59 - [MESSAGE][INFO] - Action delay is set to 0 milliseconds

27-12-2023T07:46:01 - [MESSAGE][PASSED] - Browser is opened with url: ''

27-12-2023T07:46:01 - [TEST_STEP][PASSED] - maximizeWindow(): Current window maximized

27-12-2023T07:46:02 - [MESSAGE][PASSED] - Current window maximized

27-12-2023T07:46:02 - [TEST_STEP][PASSED] - navigateToUrl(url): Navigate to 'https://ndsrndserver.southeastasia.cloudapp.azure.com/NFQA_Test/Login.aspx?ReturnUrl=%2fNFQA_Test%2fDefault.aspx' successfully

27-12-2023T07:46:09 - [MESSAGE][PASSED] - Navigate to 'https://ndsrndserver.southeastasia.cloudapp.azure.com/NFQA_Test/Login.aspx?ReturnUrl=%2fNFQA_Test%2fDefault.aspx' successfully

27-12-2023T07:46:09 - [TEST_STEP][PASSED] - setText(findTestObject("Object Repository/advancedfiltersuccess/input_txtUsername"), username): Text 'EngineerTest1' is set on object 'Object Repository/advancedfiltersuccess/input_txtUsername'

27-12-2023T07:46:10 - [MESSAGE][PASSED] - Text 'EngineerTest1' is set on object 'Object Repository/advancedfiltersuccess/input_txtUsername'

27-12-2023T07:46:10 - [TEST_STEP][PASSED] - setEncryptedText(findTestObject("Object Repository/advancedfiltersuccess/input_txtPassword"), password): Text ****** has been set on object 'Object Repository/advancedfiltersuccess/input_txtPassword'

27-12-2023T07:46:10 - [MESSAGE][PASSED] - Text ****** has been set on object 'Object Repository/advancedfiltersuccess/input_txtPassword'

27-12-2023T07:46:10 - [TEST_STEP][PASSED] - click(findTestObject("Object Repository/advancedfiltersuccess/a_Login")): Object: 'Object Repository/advancedfiltersuccess/a_Login' is clicked on

27-12-2023T07:46:11 - [MESSAGE][PASSED] - Object: 'Object Repository/advancedfiltersuccess/a_Login' is clicked on

27-12-2023T07:46:11 - [TEST_STEP][PASSED] - doubleClick(findTestObject("Object Repository/advancedfiltersuccess/span_Engineer Test")): Object: 'Object Repository/advancedfiltersuccess/span_Engineer Test' is double clicked on

27-12-2023T07:46:15 - [MESSAGE][PASSED] - Object: 'Object Repository/advancedfiltersuccess/span_Engineer Test' is double clicked on

27-12-2023T07:46:15 - [TEST_STEP][PASSED] - doubleClick(findTestObject("Object Repository/advancedfiltersuccess/span_Transaction")): Object: 'Object Repository/advancedfiltersuccess/span_Transaction' is double clicked on

27-12-2023T07:46:16 - [MESSAGE][PASSED] - Object: 'Object Repository/advancedfiltersuccess/span_Transaction' is double clicked on

27-12-2023T07:46:16 - [TEST_STEP][PASSED] - doubleClick(findTestObject("Object Repository/advancedfiltersuccess/span_View")): Object: 'Object Repository/advancedfiltersuccess/span_View' is double clicked on

27-12-2023T07:46:16 - [MESSAGE][PASSED] - Object: 'Object Repository/advancedfiltersuccess/span_View' is double clicked on

27-12-2023T07:46:16 - [TEST_STEP][PASSED] - delay(2): Delayed 2 second(s)

27-12-2023T07:46:18 - [MESSAGE][PASSED] - Delayed 2 second(s)

27-12-2023T07:46:18 - [TEST_STEP][PASSED] - click(findTestObject("Object Repository/advancedfiltersuccess/span_Advanced Filter")): Object: 'Object Repository/advancedfiltersuccess/span_Advanced Filter' is clicked on

27-12-2023T07:46:19 - [MESSAGE][PASSED] - Object: 'Object Repository/advancedfiltersuccess/span_Advanced Filter' is clicked on

27-12-2023T07:46:19 - [TEST_STEP][PASSED] - click(findTestObject("Object Repository/advancedfiltersuccess/divContentPlaceHolder1_AdvancedFilter1_cboF_b58eab")): Object: 'Object Repository/advancedfiltersuccess/divContentPlaceHolder1_AdvancedFilter1_cboF_b58eab' is clicked on

27-12-2023T07:46:20 - [MESSAGE][PASSED] - Object: 'Object Repository/advancedfiltersuccess/divContentPlaceHolder1_AdvancedFilter1_cboF_b58eab' is clicked on

27-12-2023T07:46:20 - [TEST_STEP][PASSED] - click(findTestObject("Object Repository/advancedfiltersuccess/li_Employee Name")): Object: 'Object Repository/advancedfiltersuccess/li_Employee Name' is clicked on

27-12-2023T07:46:20 - [MESSAGE][PASSED] - Object: 'Object Repository/advancedfiltersuccess/li_Employee Name' is clicked on

27-12-2023T07:46:20 - [TEST_STEP][PASSED] - click(findTestObject("Object Repository/advancedfiltersuccess/divContentPlaceHolder1_AdvancedFilter1_cboF_ea7e77")): Object: 'Object Repository/advancedfiltersuccess/divContentPlaceHolder1_AdvancedFilter1_cboF_ea7e77' is clicked on

27-12-2023T07:46:21 - [MESSAGE][PASSED] - Object: 'Object Repository/advancedfiltersuccess/divContentPlaceHolder1_AdvancedFilter1_cboF_ea7e77' is clicked on

27-12-2023T07:46:21 - [TEST_STEP][PASSED] - click(findTestObject("Object Repository/advancedfiltersuccess/li_Equal")): Object: 'Object Repository/advancedfiltersuccess/li_Equal' is clicked on

27-12-2023T07:46:21 - [MESSAGE][PASSED] - Object: 'Object Repository/advancedfiltersuccess/li_Equal' is clicked on

27-12-2023T07:46:21 - [TEST_STEP][PASSED] - setText(findTestObject("Object Repository/advancedfiltersuccess/input_ContentPlaceHolder1_AdvancedFilter1_t_8fd482"), "EngineerTest1"): Text 'EngineerTest1' is set on object 'Object Repository/advancedfiltersuccess/input_ContentPlaceHolder1_AdvancedFilter1_t_8fd482'

27-12-2023T07:46:22 - [MESSAGE][PASSED] - Text 'EngineerTest1' is set on object 'Object Repository/advancedfiltersuccess/input_ContentPlaceHolder1_AdvancedFilter1_t_8fd482'

27-12-2023T07:46:22 - [TEST_STEP][PASSED] - click(findTestObject("Object Repository/advancedfiltersuccess/span_Add")): Object: 'Object Repository/advancedfiltersuccess/span_Add' is clicked on

27-12-2023T07:46:22 - [MESSAGE][PASSED] - Object: 'Object Repository/advancedfiltersuccess/span_Add' is clicked on

27-12-2023T07:46:22 - [TEST_STEP][PASSED] - delay(2): Delayed 2 second(s)

27-12-2023T07:46:24 - [MESSAGE][PASSED] - Delayed 2 second(s)

27-12-2023T07:46:24 - [TEST_STEP][PASSED] - click(findTestObject("Object Repository/advancedfiltersuccess/span_Filter")): Object: 'Object Repository/advancedfiltersuccess/span_Filter' is clicked on

27-12-2023T07:46:25 - [MESSAGE][PASSED] - Object: 'Object Repository/advancedfiltersuccess/span_Filter' is clicked on

27-12-2023T07:46:25 - [TEST_STEP][PASSED] - delay(4): Delayed 4 second(s)

27-12-2023T07:46:29 - [MESSAGE][PASSED] - Delayed 4 second(s)

27-12-2023T07:46:29 - [TEST_STEP][PASSED] - click(findTestObject("Object Repository/advancedfiltersuccess/span_Advanced Filter")): Object: 'Object Repository/advancedfiltersuccess/span_Advanced Filter' is clicked on

27-12-2023T07:46:29 - [MESSAGE][PASSED] - Object: 'Object Repository/advancedfiltersuccess/span_Advanced Filter' is clicked on

27-12-2023T07:46:29 - [TEST_STEP][PASSED] - click(findTestObject("Object Repository/advancedfiltersuccess/span_Delete")): Object: 'Object Repository/advancedfiltersuccess/span_Delete' is clicked on

27-12-2023T07:46:30 - [MESSAGE][PASSED] - Object: 'Object Repository/advancedfiltersuccess/span_Delete' is clicked on

27-12-2023T07:46:30 - [TEST_STEP][PASSED] - click(findTestObject("Object Repository/advancedfiltersuccess/divContentPlaceHolder1_AdvancedFilter1_cboF_b58eab")): Object: 'Object Repository/advancedfiltersuccess/divContentPlaceHolder1_AdvancedFilter1_cboF_b58eab' is clicked on

27-12-2023T07:46:30 - [MESSAGE][PASSED] - Object: 'Object Repository/advancedfiltersuccess/divContentPlaceHolder1_AdvancedFilter1_cboF_b58eab' is clicked on

27-12-2023T07:46:30 - [TEST_STEP][PASSED] - click(findTestObject("Object Repository/advancedfiltersuccess/li_District")): Object: 'Object Repository/advancedfiltersuccess/li_District' is clicked on

27-12-2023T07:46:31 - [MESSAGE][PASSED] - Object: 'Object Repository/advancedfiltersuccess/li_District' is clicked on

27-12-2023T07:46:31 - [TEST_STEP][PASSED] - click(findTestObject("Object Repository/advancedfiltersuccess/divContentPlaceHolder1_AdvancedFilter1_cboF_ea7e77")): Object: 'Object Repository/advancedfiltersuccess/divContentPlaceHolder1_AdvancedFilter1_cboF_ea7e77' is clicked on

27-12-2023T07:46:31 - [MESSAGE][PASSED] - Object: 'Object Repository/advancedfiltersuccess/divContentPlaceHolder1_AdvancedFilter1_cboF_ea7e77' is clicked on

27-12-2023T07:46:31 - [TEST_STEP][PASSED] - click(findTestObject("Object Repository/advancedfiltersuccess/li_Equal_1")): Object: 'Object Repository/advancedfiltersuccess/li_Equal_1' is clicked on

27-12-2023T07:46:31 - [MESSAGE][PASSED] - Object: 'Object Repository/advancedfiltersuccess/li_Equal_1' is clicked on

27-12-2023T07:46:31 - [TEST_STEP][PASSED] - setText(findTestObject("Object Repository/advancedfiltersuccess/input_ContentPlaceHolder1_AdvancedFilter1_t_8fd482"), "D005 - Jakarta Barat"): Text 'D005 - Jakarta Barat' is set on object 'Object Repository/advancedfiltersuccess/input_ContentPlaceHolder1_AdvancedFilter1_t_8fd482'

27-12-2023T07:46:32 - [MESSAGE][PASSED] - Text 'D005 - Jakarta Barat' is set on object 'Object Repository/advancedfiltersuccess/input_ContentPlaceHolder1_AdvancedFilter1_t_8fd482'

27-12-2023T07:46:32 - [TEST_STEP][PASSED] - click(findTestObject("Object Repository/advancedfiltersuccess/span_Add")): Object: 'Object Repository/advancedfiltersuccess/span_Add' is clicked on

27-12-2023T07:46:32 - [MESSAGE][PASSED] - Object: 'Object Repository/advancedfiltersuccess/span_Add' is clicked on

27-12-2023T07:46:32 - [TEST_STEP][PASSED] - click(findTestObject("Object Repository/advancedfiltersuccess/span_Filter")): Object: 'Object Repository/advancedfiltersuccess/span_Filter' is clicked on

27-12-2023T07:46:33 - [MESSAGE][PASSED] - Object: 'Object Repository/advancedfiltersuccess/span_Filter' is clicked on

27-12-2023T07:46:33 - [TEST_STEP][PASSED] - delay(5): Delayed 5 second(s)

27-12-2023T07:46:38 - [MESSAGE][PASSED] - Delayed 5 second(s)

27-12-2023T07:46:38 - [TEST_STEP][PASSED] - closeBrowser(): Browser is closed

27-12-2023T07:46:38 - [MESSAGE][PASSED] - Browser is closed]]></system-out>
         <system-err><![CDATA[]]></system-err>
      </testcase>
      <testcase name="Test Cases/advancefilterfailed" time="21.014" classname="Test Cases/advancefilterfailed" status="PASSED">
         <system-out><![CDATA[27-12-2023T07:46:38 - [TEST_CASE][PASSED] - Test Cases/advancefilterfailed: Test Cases/advancefilterfailed

27-12-2023T07:46:38 - [TEST_STEP][PASSED] - openBrowser(""): Browser is opened with url: ''

27-12-2023T07:46:38 - [MESSAGE][INFO] - Starting 'Chrome' driver

27-12-2023T07:46:38 - [MESSAGE][INFO] - Action delay is set to 0 milliseconds

27-12-2023T07:46:39 - [MESSAGE][PASSED] - Browser is opened with url: ''

27-12-2023T07:46:39 - [TEST_STEP][PASSED] - maximizeWindow(): Current window maximized

27-12-2023T07:46:40 - [MESSAGE][PASSED] - Current window maximized

27-12-2023T07:46:40 - [TEST_STEP][PASSED] - navigateToUrl(url): Navigate to 'https://ndsrndserver.southeastasia.cloudapp.azure.com/NFQA_Test/Login.aspx?ReturnUrl=%2fNFQA_Test%2fDefault.aspx' successfully

27-12-2023T07:46:41 - [MESSAGE][PASSED] - Navigate to 'https://ndsrndserver.southeastasia.cloudapp.azure.com/NFQA_Test/Login.aspx?ReturnUrl=%2fNFQA_Test%2fDefault.aspx' successfully

27-12-2023T07:46:41 - [TEST_STEP][PASSED] - setText(findTestObject("Object Repository/advancedfilterfailed/input_txtUsername"), username): Text 'EngineerTest1' is set on object 'Object Repository/advancedfilterfailed/input_txtUsername'

27-12-2023T07:46:42 - [MESSAGE][PASSED] - Text 'EngineerTest1' is set on object 'Object Repository/advancedfilterfailed/input_txtUsername'

27-12-2023T07:46:42 - [TEST_STEP][PASSED] - setEncryptedText(findTestObject("Object Repository/advancedfilterfailed/input_txtPassword"), password): Text ****** has been set on object 'Object Repository/advancedfilterfailed/input_txtPassword'

27-12-2023T07:46:42 - [MESSAGE][PASSED] - Text ****** has been set on object 'Object Repository/advancedfilterfailed/input_txtPassword'

27-12-2023T07:46:42 - [TEST_STEP][PASSED] - click(findTestObject("Object Repository/advancedfilterfailed/span_Login")): Object: 'Object Repository/advancedfilterfailed/span_Login' is clicked on

27-12-2023T07:46:43 - [MESSAGE][PASSED] - Object: 'Object Repository/advancedfilterfailed/span_Login' is clicked on

27-12-2023T07:46:43 - [TEST_STEP][PASSED] - doubleClick(findTestObject("Object Repository/advancedfilterfailed/span_Engineer Test")): Object: 'Object Repository/advancedfilterfailed/span_Engineer Test' is double clicked on

27-12-2023T07:46:45 - [MESSAGE][PASSED] - Object: 'Object Repository/advancedfilterfailed/span_Engineer Test' is double clicked on

27-12-2023T07:46:45 - [TEST_STEP][PASSED] - doubleClick(findTestObject("Object Repository/advancedfilterfailed/span_Transaction")): Object: 'Object Repository/advancedfilterfailed/span_Transaction' is double clicked on

27-12-2023T07:46:46 - [MESSAGE][PASSED] - Object: 'Object Repository/advancedfilterfailed/span_Transaction' is double clicked on

27-12-2023T07:46:46 - [TEST_STEP][PASSED] - doubleClick(findTestObject("Object Repository/advancedfilterfailed/span_View")): Object: 'Object Repository/advancedfilterfailed/span_View' is double clicked on

27-12-2023T07:46:46 - [MESSAGE][PASSED] - Object: 'Object Repository/advancedfilterfailed/span_View' is double clicked on

27-12-2023T07:46:46 - [TEST_STEP][PASSED] - delay(2): Delayed 2 second(s)

27-12-2023T07:46:48 - [MESSAGE][PASSED] - Delayed 2 second(s)

27-12-2023T07:46:48 - [TEST_STEP][PASSED] - click(findTestObject("Object Repository/advancedfilterfailed/span_Advanced Filter")): Object: 'Object Repository/advancedfilterfailed/span_Advanced Filter' is clicked on

27-12-2023T07:46:49 - [MESSAGE][PASSED] - Object: 'Object Repository/advancedfilterfailed/span_Advanced Filter' is clicked on

27-12-2023T07:46:49 - [TEST_STEP][PASSED] - click(findTestObject("Object Repository/advancedfilterfailed/divContentPlaceHolder1_AdvancedFilter1_cboF_b58eab")): Object: 'Object Repository/advancedfilterfailed/divContentPlaceHolder1_AdvancedFilter1_cboF_b58eab' is clicked on

27-12-2023T07:46:49 - [MESSAGE][PASSED] - Object: 'Object Repository/advancedfilterfailed/divContentPlaceHolder1_AdvancedFilter1_cboF_b58eab' is clicked on

27-12-2023T07:46:49 - [TEST_STEP][PASSED] - click(findTestObject("Object Repository/advancedfilterfailed/li_Employee ID")): Object: 'Object Repository/advancedfilterfailed/li_Employee ID' is clicked on

27-12-2023T07:46:50 - [MESSAGE][PASSED] - Object: 'Object Repository/advancedfilterfailed/li_Employee ID' is clicked on

27-12-2023T07:46:50 - [TEST_STEP][PASSED] - click(findTestObject("Object Repository/advancedfilterfailed/divContentPlaceHolder1_AdvancedFilter1_cboF_ea7e77")): Object: 'Object Repository/advancedfilterfailed/divContentPlaceHolder1_AdvancedFilter1_cboF_ea7e77' is clicked on

27-12-2023T07:46:50 - [MESSAGE][PASSED] - Object: 'Object Repository/advancedfilterfailed/divContentPlaceHolder1_AdvancedFilter1_cboF_ea7e77' is clicked on

27-12-2023T07:46:50 - [TEST_STEP][PASSED] - click(findTestObject("Object Repository/advancedfilterfailed/li_Equal")): Object: 'Object Repository/advancedfilterfailed/li_Equal' is clicked on

27-12-2023T07:46:51 - [MESSAGE][PASSED] - Object: 'Object Repository/advancedfilterfailed/li_Equal' is clicked on

27-12-2023T07:46:51 - [TEST_STEP][PASSED] - setText(findTestObject("Object Repository/advancedfilterfailed/input_ContentPlaceHolder1_AdvancedFilter1_t_8fd482"), "abcde"): Text 'abcde' is set on object 'Object Repository/advancedfilterfailed/input_ContentPlaceHolder1_AdvancedFilter1_t_8fd482'

27-12-2023T07:46:51 - [MESSAGE][PASSED] - Text 'abcde' is set on object 'Object Repository/advancedfilterfailed/input_ContentPlaceHolder1_AdvancedFilter1_t_8fd482'

27-12-2023T07:46:51 - [TEST_STEP][PASSED] - click(findTestObject("Object Repository/advancedfilterfailed/span_Add")): Object: 'Object Repository/advancedfilterfailed/span_Add' is clicked on

27-12-2023T07:46:52 - [MESSAGE][PASSED] - Object: 'Object Repository/advancedfilterfailed/span_Add' is clicked on

27-12-2023T07:46:52 - [TEST_STEP][PASSED] - delay(2): Delayed 2 second(s)

27-12-2023T07:46:54 - [MESSAGE][PASSED] - Delayed 2 second(s)

27-12-2023T07:46:54 - [TEST_STEP][PASSED] - click(findTestObject("Object Repository/advancedfilterfailed/span_Filter")): Object: 'Object Repository/advancedfilterfailed/span_Filter' is clicked on

27-12-2023T07:46:54 - [MESSAGE][PASSED] - Object: 'Object Repository/advancedfilterfailed/span_Filter' is clicked on

27-12-2023T07:46:54 - [TEST_STEP][PASSED] - delay(5): Delayed 5 second(s)

27-12-2023T07:46:59 - [MESSAGE][PASSED] - Delayed 5 second(s)

27-12-2023T07:46:59 - [TEST_STEP][PASSED] - closeBrowser(): Browser is closed

27-12-2023T07:46:59 - [MESSAGE][PASSED] - Browser is closed]]></system-out>
         <system-err><![CDATA[]]></system-err>
      </testcase>
      <system-out><![CDATA[27-12-2023T07:45:58 - [TEST_SUITE][PASSED] - transactionadvance: Test Cases/advancefilterfailed]]></system-out>
      <system-err><![CDATA[]]></system-err>
   </testsuite>
</testsuites>
